2025-04-21 21:33:03,230 - INFO - Visited URL: https://www.generalhospital.org (depth: 0)
2025-04-21 21:33:04,367 - INFO - Visited URL: https://www.generalhospital.org/pricing (depth: 0)
2025-04-21 21:33:05,529 - INFO - Visited URL: https://www.generalhospital.org/cost (depth: 0)
2025-04-21 21:33:06,639 - INFO - Visited URL: https://www.generalhospital.org/billing (depth: 0)
2025-04-21 21:33:07,808 - INFO - Visited URL: https://www.generalhospital.org/patient-information/billing (depth: 0)
2025-04-21 21:33:08,939 - INFO - Visited URL: https://www.generalhospital.org/patients/billing (depth: 0)
2025-04-21 21:33:10,355 - INFO - Visited URL: https://www.communitymedical.org (depth: 0)
2025-04-21 21:33:12,570 - INFO - Visited URL: https://www.communitymedical.org/billing (depth: 0)
2025-04-21 21:33:14,496 - INFO - Visited URL: https://www.communitymedical.org/ (depth: 1)
2025-04-21 21:33:15,815 - INFO - Visited URL: https://www.communitymedical.org/for-patients-families/myhealthmate (depth: 1)
2025-04-21 21:33:17,420 - INFO - Visited URL: https://mychart.communitymedical.org/mychart/Authentication/Login (depth: 1)
2025-04-21 21:33:18,437 - INFO - Skipped URL: https://www.communitymedical.org/ - Reason: Already visited
2025-04-21 21:33:19,121 - INFO - Visited URL: https://www.communitymedical.org/donate (depth: 1)
2025-04-21 21:33:20,437 - INFO - Visited URL: https://www.communitymedical.org/for-patients-families/find-a-doctor (depth: 1)
2025-04-21 21:33:21,908 - INFO - Visited URL: https://www.communitymedical.org/about-us/newsroom (depth: 1)
2025-04-21 21:33:23,480 - INFO - Visited URL: https://www.communitymedical.org/for-patients-families/billing-insurance (depth: 1)
2025-04-21 21:33:25,244 - INFO - Visited URL: https://es.communitymedical.org/home (depth: 1)
2025-04-21 21:33:26,307 - INFO - Skipped URL: https://www.communitymedical.org/for-patients-families/myhealthmate - Reason: Already visited
2025-04-21 21:33:26,308 - INFO - Skipped URL: https://mychart.communitymedical.org/mychart/Authentication/Login - Reason: Already visited
2025-04-21 21:33:26,308 - INFO - Skipped URL: https://www.communitymedical.org/ - Reason: Already visited
2025-04-21 21:33:26,521 - INFO - Visited URL: https://www.communitymedical.org/specialties-and-departments (depth: 1)
2025-04-21 21:33:28,378 - INFO - Visited URL: https://www.communitymedical.org/specialties-and-departments/bariatrics (depth: 1)
2025-04-21 21:33:29,950 - INFO - Visited URL: https://www.communitymedical.org/specialties-and-departments/women-s-health/breast-care (depth: 1)
2025-04-21 21:33:31,250 - INFO - Visited URL: https://www.communitymedical.org/specialties-and-departments/burn-center (depth: 1)
2025-04-21 21:33:32,956 - INFO - Visited URL: https://www.communitymedical.org/specialties-and-departments/cancer-care (depth: 1)
2025-04-21 21:33:34,405 - INFO - Visited URL: https://www.communitymedical.org/specialties-and-departments/head-neck-surgery (depth: 1)
2025-04-21 21:33:35,811 - INFO - Visited URL: https://www.communitymedical.org/specialties-and-departments/heart-lung-care (depth: 1)
2025-04-21 21:33:37,152 - INFO - Visited URL: https://www.communitymedical.org/specialties-and-departments/labor-and-delivery (depth: 1)
2025-04-21 21:33:38,546 - INFO - Visited URL: https://www.communitymedical.org/specialties-and-departments/neonatal-intensive-care-(nicu) (depth: 1)
2025-04-21 21:33:39,957 - INFO - Visited URL: https://www.communitymedical.org/specialties-and-departments/neuroscience (depth: 1)
2025-04-21 21:33:41,360 - INFO - Visited URL: https://www.communitymedical.org/specialties-and-departments/orthopedics (depth: 1)
2025-04-21 21:33:42,860 - INFO - Visited URL: https://www.communitymedical.org/specialties-and-departments/pediatrics (depth: 1)
2025-04-21 21:33:44,696 - INFO - Visited URL: https://www.communitymedical.org/specialties-and-departments/plastic-reconstructive-surgery (depth: 1)
2025-04-21 21:33:46,073 - INFO - Visited URL: https://www.communitymedical.org/specialties-and-departments/rehabilitation (depth: 1)
2025-04-21 21:33:47,392 - INFO - Visited URL: https://www.communitymedical.org/specialties-and-departments/trauma-center (depth: 1)
2025-04-21 21:33:48,751 - INFO - Visited URL: https://www.communitymedical.org/specialties-and-departments/wound-care (depth: 1)
2025-04-21 21:33:49,817 - INFO - Skipped URL: https://www.communitymedical.org/specialties-and-departments - Reason: Already visited
2025-04-21 21:33:49,818 - INFO - Skipped URL: https://www.communitymedical.org/for-patients-families/find-a-doctor - Reason: Already visited
2025-04-21 21:33:49,818 - INFO - Skipped URL: https://www.communitymedical.org/for-patients-families/billing-insurance - Reason: Already visited
2025-04-21 21:33:50,351 - INFO - Visited URL: https://www.communitymedical.org/locations (depth: 1)
2025-04-21 21:33:51,991 - INFO - Visited URL: https://www.communitymedical.org/about-us/contact-us (depth: 1)
2025-04-21 21:33:53,700 - INFO - Skipped URL: https://www.communitymedical.org/for-patients-families/billing-insurance - Reason: Already visited
2025-04-21 21:33:54,262 - INFO - Visited URL: https://www.communitymedical.org/for-patients-families/billing-insurance/hospital-pricing (depth: 1)
2025-04-21 21:33:55,925 - INFO - Visited URL: https://www.communitymedical.org/for-patients-families/billing-insurance/financial-assistance (depth: 1)
2025-04-21 21:33:57,348 - INFO - Visited URL: https://www.communitymedical.org/for-patients-families/billing-insurance/insurance-information (depth: 1)
2025-04-21 21:33:58,829 - INFO - Visited URL: https://www.communitymedical.org/for-patients-families/billing-insurance/protection-against-surprise-medical-bills (depth: 1)
2025-04-21 21:34:00,313 - INFO - Visited URL: https://www.communitymedical.org/for-patients-families/billing-insurance/frequently-asked-questions (depth: 1)
2025-04-21 21:34:01,970 - INFO - Visited URL: https://www.communitymedical.org/for-patients-families/medical-records (depth: 1)
2025-04-21 21:34:03,589 - INFO - Visited URL: https://www.communitymedical.org/for-patients-families/language-assistance (depth: 1)
2025-04-21 21:34:05,348 - INFO - Visited URL: https://www.communitymedical.org/for-patients-families/advance-care-planning (depth: 1)
2025-04-21 21:34:06,418 - INFO - Skipped URL: https://www.communitymedical.org/for-patients-families/myhealthmate - Reason: Already visited
2025-04-21 21:34:06,932 - INFO - Visited URL: https://www.communitymedical.org/for-patients-families/visitor-guidelines (depth: 1)
2025-04-21 21:34:08,315 - INFO - Visited URL: https://www.communitymedical.org/for-patients-families/patient-family-advisory-council (depth: 1)
2025-04-21 21:34:09,899 - INFO - Visited URL: https://www.communitymedical.org/donate/honor-your-care-hero (depth: 1)
2025-04-21 21:34:11,639 - INFO - Visited URL: https://www.communitymedical.org/for-patients-families/quality-measures (depth: 1)
2025-04-21 21:34:12,953 - INFO - Visited URL: https://www.communitymedical.org/for-patients-families (depth: 1)
2025-04-21 21:34:14,015 - INFO - Skipped URL: https://www.communitymedical.org/locations - Reason: Already visited
2025-04-21 21:34:14,535 - INFO - Visited URL: https://www.communitymedical.org/locations/community-regional-medical-center (depth: 1)
2025-04-21 21:34:16,265 - INFO - Visited URL: https://www.communitymedical.org/locations/community-regional-medical-center/#maps&directions (depth: 1)
2025-04-21 21:34:17,893 - INFO - Visited URL: https://www.communitymedical.org/locations/clovis-community-medical-center (depth: 1)
2025-04-21 21:34:19,473 - INFO - Visited URL: https://www.communitymedical.org/locations/clovis-community-medical-center/#map (depth: 1)
2025-04-21 21:34:21,027 - INFO - Visited URL: https://www.communitymedical.org/locations/fresno-heart-surgical-hospital (depth: 1)
2025-04-21 21:34:22,511 - INFO - Visited URL: https://www.communitymedical.org/locations/fresno-heart-surgical-hospital#maps (depth: 1)
2025-04-21 21:34:24,048 - INFO - Visited URL: https://www.communitymedical.org/locations/community-behavioral-health-center (depth: 1)
2025-04-21 21:34:25,683 - INFO - Visited URL: https://www.communitymedical.org/locations/community-behavioral-health-center#maps (depth: 1)
2025-04-21 21:34:26,750 - INFO - Skipped URL: https://www.communitymedical.org/for-patients-families/visitor-guidelines - Reason: Already visited
2025-04-21 21:34:27,215 - INFO - Visited URL: https://www.communitymedical.org/locations/community-subacute-transitional-care-center (depth: 1)
2025-04-21 21:34:28,800 - INFO - Visited URL: https://www.communitymedical.org/locations/community-subacute-transitional-care-center#maps (depth: 1)
2025-04-21 21:34:30,387 - INFO - Visited URL: https://www.communitymedical.org/locations/deran-koligian-ambulatory-care-center (depth: 1)
2025-04-21 21:34:32,035 - INFO - Visited URL: https://www.communitymedical.org/locations/deran-koligian-ambulatory-care-center#maps (depth: 1)
2025-04-21 21:34:33,879 - INFO - Visited URL: https://www.communitymedical.org/specialties-and-departments/cancer-center/our-program/community-cancer-institute (depth: 1)
2025-04-21 21:34:35,737 - INFO - Visited URL: https://www.communitymedical.org/specialties-and-departments/cancer-center/our-program/community-cancer-institute#map (depth: 1)
2025-04-21 21:34:37,449 - INFO - Visited URL: https://www.communitymedical.org/locations/terry-s-house (depth: 1)
2025-04-21 21:34:39,696 - INFO - Visited URL: https://www.communitymedical.org/locations/terry-s-house/contact-terry-s-house (depth: 1)
2025-04-21 21:34:40,837 - INFO - Skipped URL: https://jobs.communitymedical.org/ - Reason: Already visited
2025-04-21 21:34:41,696 - INFO - Visited URL: https://www.communitymedical.org/for-healthcare-professionals/refer-transfer-a-patient (depth: 1)
2025-04-21 21:34:42,765 - INFO - Skipped URL: https://www.communitymedical.org/for-healthcare-professionals/refer-transfer-a-patient - Reason: Already visited
2025-04-21 21:34:43,046 - INFO - Visited URL: https://www.communitymedical.org/for-healthcare-professionals (depth: 1)
2025-04-21 21:34:44,765 - INFO - Visited URL: https://www.communitymedical.org/for-healthcare-professionals/residencies-fellowships (depth: 1)
2025-04-21 21:34:46,485 - INFO - Visited URL: https://www.communitymedical.org/for-healthcare-professionals/sonography-programs (depth: 1)
2025-04-21 21:34:47,806 - INFO - Visited URL: https://www.communitymedical.org/for-healthcare-professionals/pediatric-diagnostic-radiology-services (depth: 1)
2025-04-21 21:34:49,633 - INFO - Visited URL: https://www.communitymedical.org/for-healthcare-professionals/provider-credentialing (depth: 1)
2025-04-21 21:34:51,442 - INFO - Visited URL: https://www.communitymedical.org/for-healthcare-professionals/clinical-pastoral-education (depth: 1)
2025-04-21 21:34:53,217 - INFO - Visited URL: https://www.communitymedical.org/for-healthcare-professionals/institutional-review-board (depth: 1)
2025-04-21 21:34:55,133 - INFO - Visited URL: https://www.communitymedical.org/for-healthcare-professionals/virtual-medical-library (depth: 1)
2025-04-21 21:34:56,510 - INFO - Skipped URL: https://www.communitymedical.org/about-us/newsroom - Reason: Already visited
2025-04-21 21:34:56,748 - INFO - Visited URL: https://www.communitymedical.org/about-us/annual-report (depth: 1)
2025-04-21 21:34:57,766 - INFO - Skipped URL: https://www.communitymedical.org/about-us/newsroom - Reason: Already visited
2025-04-21 21:34:58,146 - INFO - Visited URL: https://www.communitymedical.org/about-us/medwatch-today (depth: 1)
2025-04-21 21:34:59,888 - INFO - Visited URL: https://www.communitymedical.org/about-us/healthquest (depth: 1)
2025-04-21 21:35:01,463 - INFO - Visited URL: https://www.communitymedical.org/about-us/events (depth: 1)
2025-04-21 21:35:03,211 - INFO - Visited URL: https://www.communitymedical.org/about-us (depth: 1)
2025-04-21 21:35:04,268 - INFO - Skipped URL: https://www.communitymedical.org/about-us - Reason: Already visited
2025-04-21 21:35:04,632 - INFO - Visited URL: https://www.communitymedical.org/about-us/awards-recognitions (depth: 1)
2025-04-21 21:35:06,295 - INFO - Visited URL: https://www.communitymedical.org/about-us/diversity-inclusion (depth: 1)
2025-04-21 21:35:08,200 - INFO - Visited URL: https://www.communitymedical.org/about-us/facts-reports (depth: 1)
2025-04-21 21:35:09,582 - INFO - Visited URL: https://www.communitymedical.org/about-us/our-impact (depth: 1)
2025-04-21 21:35:11,275 - INFO - Visited URL: https://www.communitymedical.org/about-us/leadership (depth: 1)
2025-04-21 21:35:12,389 - INFO - Skipped URL: https://www.communitymedical.org/about-us/contact-us - Reason: Already visited
2025-04-21 21:35:12,877 - INFO - Visited URL: https://www.communitymedical.org/about-us/volunteer-for-community (depth: 1)
2025-04-21 21:35:13,932 - INFO - Skipped URL: https://www.communitymedical.org/about-us/contact-us - Reason: Already visited
2025-04-21 21:35:13,932 - INFO - Skipped URL: https://www.communitymedical.org/specialties-and-departments - Reason: Already visited
2025-04-21 21:35:13,932 - INFO - Skipped URL: https://www.communitymedical.org/specialties-and-departments/bariatrics - Reason: Already visited
2025-04-21 21:35:13,932 - INFO - Skipped URL: https://www.communitymedical.org/specialties-and-departments/women-s-health/breast-care - Reason: Already visited
2025-04-21 21:35:13,932 - INFO - Skipped URL: https://www.communitymedical.org/specialties-and-departments/burn-center - Reason: Already visited
2025-04-21 21:35:13,932 - INFO - Skipped URL: https://www.communitymedical.org/specialties-and-departments/cancer-care - Reason: Already visited
2025-04-21 21:35:13,932 - INFO - Skipped URL: https://www.communitymedical.org/specialties-and-departments/head-neck-surgery - Reason: Already visited
2025-04-21 21:35:13,932 - INFO - Skipped URL: https://www.communitymedical.org/specialties-and-departments/heart-lung-care - Reason: Already visited
2025-04-21 21:35:13,932 - INFO - Skipped URL: https://www.communitymedical.org/specialties-and-departments/labor-and-delivery - Reason: Already visited
2025-04-21 21:35:13,932 - INFO - Skipped URL: https://www.communitymedical.org/specialties-and-departments/neonatal-intensive-care-(nicu) - Reason: Already visited
2025-04-21 21:35:13,932 - INFO - Skipped URL: https://www.communitymedical.org/specialties-and-departments/neuroscience - Reason: Already visited
2025-04-21 21:35:13,932 - INFO - Skipped URL: https://www.communitymedical.org/specialties-and-departments/orthopedics - Reason: Already visited
2025-04-21 21:35:13,932 - INFO - Skipped URL: https://www.communitymedical.org/specialties-and-departments/pediatrics - Reason: Already visited
2025-04-21 21:35:13,932 - INFO - Skipped URL: https://www.communitymedical.org/specialties-and-departments/plastic-reconstructive-surgery - Reason: Already visited
2025-04-21 21:35:13,932 - INFO - Skipped URL: https://www.communitymedical.org/specialties-and-departments/rehabilitation - Reason: Already visited
2025-04-21 21:35:13,932 - INFO - Skipped URL: https://www.communitymedical.org/specialties-and-departments/trauma-center - Reason: Already visited
2025-04-21 21:35:13,932 - INFO - Skipped URL: https://www.communitymedical.org/specialties-and-departments/wound-care - Reason: Already visited
2025-04-21 21:35:13,932 - INFO - Skipped URL: https://www.communitymedical.org/specialties-and-departments - Reason: Already visited
2025-04-21 21:35:13,932 - INFO - Skipped URL: https://www.communitymedical.org/for-patients-families/find-a-doctor - Reason: Already visited
2025-04-21 21:35:13,932 - INFO - Skipped URL: https://www.communitymedical.org/for-patients-families/billing-insurance - Reason: Already visited
2025-04-21 21:35:13,932 - INFO - Skipped URL: https://www.communitymedical.org/locations - Reason: Already visited
2025-04-21 21:35:13,932 - INFO - Skipped URL: https://www.communitymedical.org/about-us/contact-us - Reason: Already visited
2025-04-21 21:35:13,932 - INFO - Skipped URL: https://www.communitymedical.org/for-patients-families/billing-insurance - Reason: Already visited
2025-04-21 21:35:13,932 - INFO - Skipped URL: https://www.communitymedical.org/for-patients-families/billing-insurance/hospital-pricing - Reason: Already visited
2025-04-21 21:35:13,932 - INFO - Skipped URL: https://www.communitymedical.org/for-patients-families/billing-insurance/financial-assistance - Reason: Already visited
2025-04-21 21:35:13,932 - INFO - Skipped URL: https://www.communitymedical.org/for-patients-families/billing-insurance/insurance-information - Reason: Already visited
2025-04-21 21:35:13,932 - INFO - Skipped URL: https://www.communitymedical.org/for-patients-families/billing-insurance/protection-against-surprise-medical-bills - Reason: Already visited
2025-04-21 21:35:13,932 - INFO - Skipped URL: https://www.communitymedical.org/for-patients-families/billing-insurance/frequently-asked-questions - Reason: Already visited
2025-04-21 21:35:13,932 - INFO - Skipped URL: https://www.communitymedical.org/for-patients-families/medical-records - Reason: Already visited
2025-04-21 21:35:13,933 - INFO - Skipped URL: https://www.communitymedical.org/for-patients-families/language-assistance - Reason: Already visited
2025-04-21 21:35:13,933 - INFO - Skipped URL: https://www.communitymedical.org/for-patients-families/advance-care-planning - Reason: Already visited
2025-04-21 21:35:13,933 - INFO - Skipped URL: https://www.communitymedical.org/for-patients-families/myhealthmate - Reason: Already visited
2025-04-21 21:35:13,933 - INFO - Skipped URL: https://www.communitymedical.org/for-patients-families/visitor-guidelines - Reason: Already visited
2025-04-21 21:35:13,933 - INFO - Skipped URL: https://www.communitymedical.org/for-patients-families/patient-family-advisory-council - Reason: Already visited
2025-04-21 21:35:13,933 - INFO - Skipped URL: https://www.communitymedical.org/donate/honor-your-care-hero - Reason: Already visited
2025-04-21 21:35:13,933 - INFO - Skipped URL: https://www.communitymedical.org/for-patients-families/quality-measures - Reason: Already visited
2025-04-21 21:35:13,933 - INFO - Skipped URL: https://www.communitymedical.org/for-patients-families - Reason: Already visited
2025-04-21 21:35:13,933 - INFO - Skipped URL: https://www.communitymedical.org/locations - Reason: Already visited
2025-04-21 21:35:13,933 - INFO - Skipped URL: https://www.communitymedical.org/locations/community-regional-medical-center - Reason: Already visited
2025-04-21 21:35:13,933 - INFO - Skipped URL: https://www.communitymedical.org/locations/community-regional-medical-center/#maps&directions - Reason: Already visited
2025-04-21 21:35:13,933 - INFO - Skipped URL: https://www.communitymedical.org/locations/clovis-community-medical-center - Reason: Already visited
2025-04-21 21:35:13,933 - INFO - Skipped URL: https://www.communitymedical.org/locations/clovis-community-medical-center/#map - Reason: Already visited
2025-04-21 21:35:13,933 - INFO - Skipped URL: https://www.communitymedical.org/locations/fresno-heart-surgical-hospital - Reason: Already visited
2025-04-21 21:35:13,933 - INFO - Skipped URL: https://www.communitymedical.org/locations/fresno-heart-surgical-hospital#maps - Reason: Already visited
2025-04-21 21:35:13,933 - INFO - Skipped URL: https://www.communitymedical.org/locations/community-behavioral-health-center - Reason: Already visited
2025-04-21 21:35:13,933 - INFO - Skipped URL: https://www.communitymedical.org/locations/community-behavioral-health-center#maps - Reason: Already visited
2025-04-21 21:35:13,933 - INFO - Skipped URL: https://www.communitymedical.org/for-patients-families/visitor-guidelines - Reason: Already visited
2025-04-21 21:35:13,933 - INFO - Skipped URL: https://www.communitymedical.org/locations/community-subacute-transitional-care-center - Reason: Already visited
2025-04-21 21:35:13,933 - INFO - Skipped URL: https://www.communitymedical.org/locations/community-subacute-transitional-care-center#maps - Reason: Already visited
2025-04-21 21:35:13,933 - INFO - Skipped URL: https://www.communitymedical.org/locations/deran-koligian-ambulatory-care-center - Reason: Already visited
2025-04-21 21:35:13,933 - INFO - Skipped URL: https://www.communitymedical.org/locations/deran-koligian-ambulatory-care-center#maps - Reason: Already visited
2025-04-21 21:35:13,933 - INFO - Skipped URL: https://www.communitymedical.org/specialties-and-departments/cancer-center/our-program/community-cancer-institute - Reason: Already visited
2025-04-21 21:35:13,933 - INFO - Skipped URL: https://www.communitymedical.org/specialties-and-departments/cancer-center/our-program/community-cancer-institute#map - Reason: Already visited
2025-04-21 21:35:13,933 - INFO - Skipped URL: https://www.communitymedical.org/locations/terry-s-house - Reason: Already visited
2025-04-21 21:35:13,933 - INFO - Skipped URL: https://www.communitymedical.org/locations/terry-s-house/contact-terry-s-house - Reason: Already visited
2025-04-21 21:35:13,933 - INFO - Skipped URL: https://jobs.communitymedical.org/ - Reason: Already visited
2025-04-21 21:35:13,933 - INFO - Skipped URL: https://www.communitymedical.org/for-healthcare-professionals/refer-transfer-a-patient - Reason: Already visited
2025-04-21 21:35:13,933 - INFO - Skipped URL: https://www.communitymedical.org/for-healthcare-professionals/refer-transfer-a-patient - Reason: Already visited
2025-04-21 21:35:13,933 - INFO - Skipped URL: https://www.communitymedical.org/for-healthcare-professionals - Reason: Already visited
2025-04-21 21:35:13,933 - INFO - Skipped URL: https://www.communitymedical.org/for-healthcare-professionals/residencies-fellowships - Reason: Already visited
2025-04-21 21:35:13,933 - INFO - Skipped URL: https://www.communitymedical.org/for-healthcare-professionals/sonography-programs - Reason: Already visited
2025-04-21 21:35:13,933 - INFO - Skipped URL: https://www.communitymedical.org/for-healthcare-professionals/pediatric-diagnostic-radiology-services - Reason: Already visited
2025-04-21 21:35:13,933 - INFO - Skipped URL: https://www.communitymedical.org/for-healthcare-professionals/provider-credentialing - Reason: Already visited
2025-04-21 21:35:13,933 - INFO - Skipped URL: https://www.communitymedical.org/for-healthcare-professionals/clinical-pastoral-education - Reason: Already visited
2025-04-21 21:35:13,933 - INFO - Skipped URL: https://www.communitymedical.org/for-healthcare-professionals/institutional-review-board - Reason: Already visited
2025-04-21 21:35:13,933 - INFO - Skipped URL: https://www.communitymedical.org/for-healthcare-professionals/virtual-medical-library - Reason: Already visited
2025-04-21 21:35:13,933 - INFO - Skipped URL: https://www.communitymedical.org/about-us/newsroom - Reason: Already visited
2025-04-21 21:35:13,933 - INFO - Skipped URL: https://www.communitymedical.org/about-us/annual-report - Reason: Already visited
2025-04-21 21:35:13,934 - INFO - Skipped URL: https://www.communitymedical.org/about-us/newsroom - Reason: Already visited
2025-04-21 21:35:13,934 - INFO - Skipped URL: https://www.communitymedical.org/about-us/medwatch-today - Reason: Already visited
2025-04-21 21:35:13,934 - INFO - Skipped URL: https://www.communitymedical.org/about-us/healthquest - Reason: Already visited
2025-04-21 21:35:13,934 - INFO - Skipped URL: https://www.communitymedical.org/about-us/events - Reason: Already visited
2025-04-21 21:35:13,934 - INFO - Skipped URL: https://www.communitymedical.org/about-us - Reason: Already visited
2025-04-21 21:35:13,934 - INFO - Skipped URL: https://www.communitymedical.org/about-us - Reason: Already visited
2025-04-21 21:35:13,934 - INFO - Skipped URL: https://www.communitymedical.org/about-us/awards-recognitions - Reason: Already visited
2025-04-21 21:35:13,934 - INFO - Skipped URL: https://www.communitymedical.org/about-us/diversity-inclusion - Reason: Already visited
2025-04-21 21:35:13,934 - INFO - Skipped URL: https://www.communitymedical.org/about-us/facts-reports - Reason: Already visited
2025-04-21 21:35:13,934 - INFO - Skipped URL: https://www.communitymedical.org/about-us/our-impact - Reason: Already visited
2025-04-21 21:35:13,934 - INFO - Skipped URL: https://www.communitymedical.org/about-us/leadership - Reason: Already visited
2025-04-21 21:35:13,934 - INFO - Skipped URL: https://www.communitymedical.org/about-us/contact-us - Reason: Already visited
2025-04-21 21:35:13,934 - INFO - Skipped URL: https://www.communitymedical.org/about-us/careers - Reason: Already visited
2025-04-21 21:35:13,934 - INFO - Skipped URL: https://www.communitymedical.org/about-us/volunteer-for-community - Reason: Already visited
2025-04-21 21:35:13,934 - INFO - Skipped URL: https://www.communitymedical.org/about-us/contact-us - Reason: Already visited
2025-04-21 21:35:13,934 - INFO - Skipped URL: https://www.communitymedical.org/for-patients-families/myhealthmate - Reason: Already visited
2025-04-21 21:35:13,934 - INFO - Skipped URL: https://mychart.communitymedical.org/mychart/Authentication/Login - Reason: Already visited
2025-04-21 21:35:13,934 - INFO - Skipped URL: https://www.communitymedical.org/ - Reason: Already visited
2025-04-21 21:35:13,934 - INFO - Skipped URL: https://www.communitymedical.org/specialties-and-departments - Reason: Already visited
2025-04-21 21:35:13,934 - INFO - Skipped URL: https://www.communitymedical.org/specialties-and-departments/bariatrics - Reason: Already visited
2025-04-21 21:35:13,934 - INFO - Skipped URL: https://www.communitymedical.org/specialties-and-departments/women-s-health/breast-care - Reason: Already visited
2025-04-21 21:35:13,934 - INFO - Skipped URL: https://www.communitymedical.org/specialties-and-departments/burn-center - Reason: Already visited
2025-04-21 21:35:13,934 - INFO - Skipped URL: https://www.communitymedical.org/specialties-and-departments/cancer-care - Reason: Already visited
2025-04-21 21:35:13,934 - INFO - Skipped URL: https://www.communitymedical.org/specialties-and-departments/head-neck-surgery - Reason: Already visited
2025-04-21 21:35:13,934 - INFO - Skipped URL: https://www.communitymedical.org/specialties-and-departments/heart-lung-care - Reason: Already visited
2025-04-21 21:35:13,934 - INFO - Skipped URL: https://www.communitymedical.org/specialties-and-departments/labor-and-delivery - Reason: Already visited
2025-04-21 21:35:13,934 - INFO - Skipped URL: https://www.communitymedical.org/specialties-and-departments/neonatal-intensive-care-(nicu) - Reason: Already visited
2025-04-21 21:35:13,934 - INFO - Skipped URL: https://www.communitymedical.org/specialties-and-departments/neuroscience - Reason: Already visited
2025-04-21 21:35:13,934 - INFO - Skipped URL: https://www.communitymedical.org/specialties-and-departments/orthopedics - Reason: Already visited
2025-04-21 21:35:13,934 - INFO - Skipped URL: https://www.communitymedical.org/specialties-and-departments/pediatrics - Reason: Already visited
2025-04-21 21:35:13,934 - INFO - Skipped URL: https://www.communitymedical.org/specialties-and-departments/plastic-reconstructive-surgery - Reason: Already visited
2025-04-21 21:35:13,934 - INFO - Skipped URL: https://www.communitymedical.org/specialties-and-departments/rehabilitation - Reason: Already visited
2025-04-21 21:35:13,934 - INFO - Skipped URL: https://www.communitymedical.org/specialties-and-departments/trauma-center - Reason: Already visited
2025-04-21 21:35:13,934 - INFO - Skipped URL: https://www.communitymedical.org/specialties-and-departments/wound-care - Reason: Already visited
2025-04-21 21:35:13,934 - INFO - Skipped URL: https://www.communitymedical.org/specialties-and-departments - Reason: Already visited
2025-04-21 21:35:13,934 - INFO - Skipped URL: https://www.communitymedical.org/for-patients-families/find-a-doctor - Reason: Already visited
2025-04-21 21:35:13,934 - INFO - Skipped URL: https://www.communitymedical.org/for-patients-families/billing-insurance - Reason: Already visited
2025-04-21 21:35:13,934 - INFO - Skipped URL: https://www.communitymedical.org/locations - Reason: Already visited
2025-04-21 21:35:13,934 - INFO - Skipped URL: https://www.communitymedical.org/about-us/contact-us - Reason: Already visited
2025-04-21 21:35:13,934 - INFO - Skipped URL: https://www.communitymedical.org/for-patients-families/billing-insurance - Reason: Already visited
2025-04-21 21:35:13,934 - INFO - Skipped URL: https://www.communitymedical.org/for-patients-families/billing-insurance/hospital-pricing - Reason: Already visited
2025-04-21 21:35:13,934 - INFO - Skipped URL: https://www.communitymedical.org/for-patients-families/billing-insurance/financial-assistance - Reason: Already visited
2025-04-21 21:35:13,934 - INFO - Skipped URL: https://www.communitymedical.org/for-patients-families/billing-insurance/insurance-information - Reason: Already visited
2025-04-21 21:35:13,934 - INFO - Skipped URL: https://www.communitymedical.org/for-patients-families/billing-insurance/protection-against-surprise-medical-bills - Reason: Already visited
2025-04-21 21:35:13,934 - INFO - Skipped URL: https://www.communitymedical.org/for-patients-families/billing-insurance/frequently-asked-questions - Reason: Already visited
2025-04-21 21:35:13,934 - INFO - Skipped URL: https://www.communitymedical.org/for-patients-families/medical-records - Reason: Already visited
2025-04-21 21:35:13,934 - INFO - Skipped URL: https://www.communitymedical.org/for-patients-families/language-assistance - Reason: Already visited
2025-04-21 21:35:13,934 - INFO - Skipped URL: https://www.communitymedical.org/for-patients-families/advance-care-planning - Reason: Already visited
2025-04-21 21:35:13,934 - INFO - Skipped URL: https://www.communitymedical.org/for-patients-families/myhealthmate - Reason: Already visited
2025-04-21 21:35:13,934 - INFO - Skipped URL: https://www.communitymedical.org/for-patients-families/visitor-guidelines - Reason: Already visited
2025-04-21 21:35:13,934 - INFO - Skipped URL: https://www.communitymedical.org/for-patients-families/patient-family-advisory-council - Reason: Already visited
2025-04-21 21:35:13,934 - INFO - Skipped URL: https://www.communitymedical.org/donate/honor-your-care-hero - Reason: Already visited
2025-04-21 21:35:13,934 - INFO - Skipped URL: https://www.communitymedical.org/for-patients-families/quality-measures - Reason: Already visited
2025-04-21 21:35:13,934 - INFO - Skipped URL: https://www.communitymedical.org/for-patients-families - Reason: Already visited
2025-04-21 21:35:13,934 - INFO - Skipped URL: https://www.communitymedical.org/locations - Reason: Already visited
2025-04-21 21:35:13,934 - INFO - Skipped URL: https://www.communitymedical.org/locations/community-regional-medical-center - Reason: Already visited
2025-04-21 21:35:13,934 - INFO - Skipped URL: https://www.communitymedical.org/locations/community-regional-medical-center/#maps&directions - Reason: Already visited
2025-04-21 21:35:13,934 - INFO - Skipped URL: https://www.communitymedical.org/locations/clovis-community-medical-center - Reason: Already visited
2025-04-21 21:35:13,934 - INFO - Skipped URL: https://www.communitymedical.org/locations/clovis-community-medical-center/#map - Reason: Already visited
2025-04-21 21:35:13,934 - INFO - Skipped URL: https://www.communitymedical.org/locations/fresno-heart-surgical-hospital - Reason: Already visited
2025-04-21 21:35:13,934 - INFO - Skipped URL: https://www.communitymedical.org/locations/fresno-heart-surgical-hospital#maps - Reason: Already visited
2025-04-21 21:35:13,934 - INFO - Skipped URL: https://www.communitymedical.org/locations/community-behavioral-health-center - Reason: Already visited
2025-04-21 21:35:13,934 - INFO - Skipped URL: https://www.communitymedical.org/locations/community-behavioral-health-center#maps - Reason: Already visited
2025-04-21 21:35:13,934 - INFO - Skipped URL: https://www.communitymedical.org/for-patients-families/visitor-guidelines - Reason: Already visited
2025-04-21 21:35:13,934 - INFO - Skipped URL: https://www.communitymedical.org/locations/community-subacute-transitional-care-center - Reason: Already visited
2025-04-21 21:35:13,934 - INFO - Skipped URL: https://www.communitymedical.org/locations/community-subacute-transitional-care-center#maps - Reason: Already visited
2025-04-21 21:35:13,934 - INFO - Skipped URL: https://www.communitymedical.org/locations/deran-koligian-ambulatory-care-center - Reason: Already visited
2025-04-21 21:35:13,934 - INFO - Skipped URL: https://www.communitymedical.org/locations/deran-koligian-ambulatory-care-center#maps - Reason: Already visited
2025-04-21 21:35:13,935 - INFO - Skipped URL: https://www.communitymedical.org/specialties-and-departments/cancer-center/our-program/community-cancer-institute - Reason: Already visited
2025-04-21 21:35:13,935 - INFO - Skipped URL: https://www.communitymedical.org/specialties-and-departments/cancer-center/our-program/community-cancer-institute#map - Reason: Already visited
2025-04-21 21:35:13,935 - INFO - Skipped URL: https://www.communitymedical.org/locations/terry-s-house - Reason: Already visited
2025-04-21 21:35:13,935 - INFO - Skipped URL: https://www.communitymedical.org/locations/terry-s-house/contact-terry-s-house - Reason: Already visited
2025-04-21 21:35:13,935 - INFO - Skipped URL: https://jobs.communitymedical.org/ - Reason: Already visited
2025-04-21 21:35:13,935 - INFO - Skipped URL: https://www.communitymedical.org/for-healthcare-professionals/refer-transfer-a-patient - Reason: Already visited
2025-04-21 21:35:13,935 - INFO - Skipped URL: https://www.communitymedical.org/for-healthcare-professionals/refer-transfer-a-patient - Reason: Already visited
2025-04-21 21:35:13,935 - INFO - Skipped URL: https://www.communitymedical.org/for-healthcare-professionals - Reason: Already visited
2025-04-21 21:35:13,935 - INFO - Skipped URL: https://www.communitymedical.org/for-healthcare-professionals/residencies-fellowships - Reason: Already visited
2025-04-21 21:35:13,935 - INFO - Skipped URL: https://www.communitymedical.org/for-healthcare-professionals/sonography-programs - Reason: Already visited
2025-04-21 21:35:13,935 - INFO - Skipped URL: https://www.communitymedical.org/for-healthcare-professionals/pediatric-diagnostic-radiology-services - Reason: Already visited
2025-04-21 21:35:13,935 - INFO - Skipped URL: https://www.communitymedical.org/for-healthcare-professionals/provider-credentialing - Reason: Already visited
2025-04-21 21:35:13,935 - INFO - Skipped URL: https://www.communitymedical.org/for-healthcare-professionals/clinical-pastoral-education - Reason: Already visited
2025-04-21 21:35:13,935 - INFO - Skipped URL: https://www.communitymedical.org/for-healthcare-professionals/institutional-review-board - Reason: Already visited
2025-04-21 21:35:13,935 - INFO - Skipped URL: https://www.communitymedical.org/for-healthcare-professionals/virtual-medical-library - Reason: Already visited
2025-04-21 21:35:13,935 - INFO - Skipped URL: https://www.communitymedical.org/about-us/newsroom - Reason: Already visited
2025-04-21 21:35:13,935 - INFO - Skipped URL: https://www.communitymedical.org/about-us/annual-report - Reason: Already visited
2025-04-21 21:35:13,935 - INFO - Skipped URL: https://www.communitymedical.org/about-us/newsroom - Reason: Already visited
2025-04-21 21:35:13,935 - INFO - Skipped URL: https://www.communitymedical.org/about-us/medwatch-today - Reason: Already visited
2025-04-21 21:35:13,935 - INFO - Skipped URL: https://www.communitymedical.org/about-us/healthquest - Reason: Already visited
2025-04-21 21:35:13,935 - INFO - Skipped URL: https://www.communitymedical.org/about-us/events - Reason: Already visited
2025-04-21 21:35:13,935 - INFO - Skipped URL: https://www.communitymedical.org/about-us - Reason: Already visited
2025-04-21 21:35:13,935 - INFO - Skipped URL: https://www.communitymedical.org/about-us - Reason: Already visited
2025-04-21 21:35:13,935 - INFO - Skipped URL: https://www.communitymedical.org/about-us/awards-recognitions - Reason: Already visited
2025-04-21 21:35:13,935 - INFO - Skipped URL: https://www.communitymedical.org/about-us/diversity-inclusion - Reason: Already visited
2025-04-21 21:35:13,935 - INFO - Skipped URL: https://www.communitymedical.org/about-us/facts-reports - Reason: Already visited
2025-04-21 21:35:13,935 - INFO - Skipped URL: https://www.communitymedical.org/about-us/our-impact - Reason: Already visited
2025-04-21 21:35:13,935 - INFO - Skipped URL: https://www.communitymedical.org/about-us/leadership - Reason: Already visited
2025-04-21 21:35:13,935 - INFO - Skipped URL: https://www.communitymedical.org/about-us/contact-us - Reason: Already visited
2025-04-21 21:35:13,935 - INFO - Skipped URL: https://www.communitymedical.org/about-us/careers - Reason: Already visited
2025-04-21 21:35:13,935 - INFO - Skipped URL: https://www.communitymedical.org/about-us/volunteer-for-community - Reason: Already visited
2025-04-21 21:35:13,935 - INFO - Skipped URL: https://www.communitymedical.org/about-us/contact-us - Reason: Already visited
2025-04-21 21:35:13,935 - INFO - Skipped URL: https://www.communitymedical.org/specialties-and-departments - Reason: Already visited
2025-04-21 21:35:13,935 - INFO - Skipped URL: https://www.communitymedical.org/specialties-and-departments/bariatrics - Reason: Already visited
2025-04-21 21:35:13,935 - INFO - Skipped URL: https://www.communitymedical.org/specialties-and-departments/women-s-health/breast-care - Reason: Already visited
2025-04-21 21:35:13,935 - INFO - Skipped URL: https://www.communitymedical.org/specialties-and-departments/burn-center - Reason: Already visited
2025-04-21 21:35:13,935 - INFO - Skipped URL: https://www.communitymedical.org/specialties-and-departments/cancer-care - Reason: Already visited
2025-04-21 21:35:13,935 - INFO - Skipped URL: https://www.communitymedical.org/specialties-and-departments/head-neck-surgery - Reason: Already visited
2025-04-21 21:35:13,935 - INFO - Skipped URL: https://www.communitymedical.org/specialties-and-departments/heart-lung-care - Reason: Already visited
2025-04-21 21:35:13,935 - INFO - Skipped URL: https://www.communitymedical.org/specialties-and-departments/labor-and-delivery - Reason: Already visited
2025-04-21 21:35:13,935 - INFO - Skipped URL: https://www.communitymedical.org/specialties-and-departments/neonatal-intensive-care-(nicu) - Reason: Already visited
2025-04-21 21:35:13,935 - INFO - Skipped URL: https://www.communitymedical.org/specialties-and-departments/neuroscience - Reason: Already visited
2025-04-21 21:35:13,935 - INFO - Skipped URL: https://www.communitymedical.org/specialties-and-departments/orthopedics - Reason: Already visited
2025-04-21 21:35:13,935 - INFO - Skipped URL: https://www.communitymedical.org/specialties-and-departments/pediatrics - Reason: Already visited
2025-04-21 21:35:13,935 - INFO - Skipped URL: https://www.communitymedical.org/specialties-and-departments/plastic-reconstructive-surgery - Reason: Already visited
2025-04-21 21:35:13,935 - INFO - Skipped URL: https://www.communitymedical.org/specialties-and-departments/rehabilitation - Reason: Already visited
2025-04-21 21:35:13,935 - INFO - Skipped URL: https://www.communitymedical.org/specialties-and-departments/trauma-center - Reason: Already visited
2025-04-21 21:35:13,935 - INFO - Skipped URL: https://www.communitymedical.org/specialties-and-departments/wound-care - Reason: Already visited
2025-04-21 21:35:13,935 - INFO - Skipped URL: https://www.communitymedical.org/specialties-and-departments - Reason: Already visited
2025-04-21 21:35:13,935 - INFO - Skipped URL: https://www.communitymedical.org/for-patients-families/find-a-doctor - Reason: Already visited
2025-04-21 21:35:13,935 - INFO - Skipped URL: https://www.communitymedical.org/for-patients-families/billing-insurance - Reason: Already visited
2025-04-21 21:35:13,935 - INFO - Skipped URL: https://www.communitymedical.org/locations - Reason: Already visited
2025-04-21 21:35:13,935 - INFO - Skipped URL: https://www.communitymedical.org/about-us/contact-us - Reason: Already visited
2025-04-21 21:35:13,935 - INFO - Skipped URL: https://www.communitymedical.org/for-patients-families/billing-insurance - Reason: Already visited
2025-04-21 21:35:13,935 - INFO - Skipped URL: https://www.communitymedical.org/for-patients-families/billing-insurance/hospital-pricing - Reason: Already visited
2025-04-21 21:35:13,935 - INFO - Skipped URL: https://www.communitymedical.org/for-patients-families/billing-insurance/financial-assistance - Reason: Already visited
2025-04-21 21:35:13,935 - INFO - Skipped URL: https://www.communitymedical.org/for-patients-families/billing-insurance/insurance-information - Reason: Already visited
2025-04-21 21:35:13,935 - INFO - Skipped URL: https://www.communitymedical.org/for-patients-families/billing-insurance/protection-against-surprise-medical-bills - Reason: Already visited
2025-04-21 21:35:13,935 - INFO - Skipped URL: https://www.communitymedical.org/for-patients-families/billing-insurance/frequently-asked-questions - Reason: Already visited
2025-04-21 21:35:13,935 - INFO - Skipped URL: https://www.communitymedical.org/for-patients-families/medical-records - Reason: Already visited
2025-04-21 21:35:13,935 - INFO - Skipped URL: https://www.communitymedical.org/for-patients-families/language-assistance - Reason: Already visited
2025-04-21 21:35:13,935 - INFO - Skipped URL: https://www.communitymedical.org/for-patients-families/advance-care-planning - Reason: Already visited
2025-04-21 21:35:13,935 - INFO - Skipped URL: https://www.communitymedical.org/for-patients-families/myhealthmate - Reason: Already visited
2025-04-21 21:35:13,935 - INFO - Skipped URL: https://www.communitymedical.org/for-patients-families/visitor-guidelines - Reason: Already visited
2025-04-21 21:35:13,936 - INFO - Skipped URL: https://www.communitymedical.org/for-patients-families/patient-family-advisory-council - Reason: Already visited
2025-04-21 21:35:13,936 - INFO - Skipped URL: https://www.communitymedical.org/donate/honor-your-care-hero - Reason: Already visited
2025-04-21 21:35:13,936 - INFO - Skipped URL: https://www.communitymedical.org/for-patients-families/quality-measures - Reason: Already visited
2025-04-21 21:35:13,936 - INFO - Skipped URL: https://www.communitymedical.org/for-patients-families - Reason: Already visited
2025-04-21 21:35:13,936 - INFO - Skipped URL: https://www.communitymedical.org/locations - Reason: Already visited
2025-04-21 21:35:13,936 - INFO - Skipped URL: https://www.communitymedical.org/locations/community-regional-medical-center - Reason: Already visited
2025-04-21 21:35:13,936 - INFO - Skipped URL: https://www.communitymedical.org/locations/community-regional-medical-center/#maps&directions - Reason: Already visited
2025-04-21 21:35:13,936 - INFO - Skipped URL: https://www.communitymedical.org/locations/clovis-community-medical-center - Reason: Already visited
2025-04-21 21:35:13,936 - INFO - Skipped URL: https://www.communitymedical.org/locations/clovis-community-medical-center/#map - Reason: Already visited
2025-04-21 21:35:13,936 - INFO - Skipped URL: https://www.communitymedical.org/locations/fresno-heart-surgical-hospital - Reason: Already visited
2025-04-21 21:35:13,936 - INFO - Skipped URL: https://www.communitymedical.org/locations/fresno-heart-surgical-hospital#maps - Reason: Already visited
2025-04-21 21:35:13,936 - INFO - Skipped URL: https://www.communitymedical.org/locations/community-behavioral-health-center - Reason: Already visited
2025-04-21 21:35:13,936 - INFO - Skipped URL: https://www.communitymedical.org/locations/community-behavioral-health-center#maps - Reason: Already visited
2025-04-21 21:35:13,936 - INFO - Skipped URL: https://www.communitymedical.org/for-patients-families/visitor-guidelines - Reason: Already visited
2025-04-21 21:35:13,936 - INFO - Skipped URL: https://www.communitymedical.org/locations/community-subacute-transitional-care-center - Reason: Already visited
2025-04-21 21:35:13,936 - INFO - Skipped URL: https://www.communitymedical.org/locations/community-subacute-transitional-care-center#maps - Reason: Already visited
2025-04-21 21:35:13,936 - INFO - Skipped URL: https://www.communitymedical.org/locations/deran-koligian-ambulatory-care-center - Reason: Already visited
2025-04-21 21:35:13,936 - INFO - Skipped URL: https://www.communitymedical.org/locations/deran-koligian-ambulatory-care-center#maps - Reason: Already visited
2025-04-21 21:35:13,936 - INFO - Skipped URL: https://www.communitymedical.org/specialties-and-departments/cancer-center/our-program/community-cancer-institute - Reason: Already visited
2025-04-21 21:35:13,936 - INFO - Skipped URL: https://www.communitymedical.org/specialties-and-departments/cancer-center/our-program/community-cancer-institute#map - Reason: Already visited
2025-04-21 21:35:13,936 - INFO - Skipped URL: https://www.communitymedical.org/locations/terry-s-house - Reason: Already visited
2025-04-21 21:35:13,936 - INFO - Skipped URL: https://www.communitymedical.org/locations/terry-s-house/contact-terry-s-house - Reason: Already visited
2025-04-21 21:35:13,936 - INFO - Skipped URL: https://jobs.communitymedical.org/ - Reason: Already visited
2025-04-21 21:35:13,936 - INFO - Skipped URL: https://www.communitymedical.org/for-healthcare-professionals/refer-transfer-a-patient - Reason: Already visited
2025-04-21 21:35:13,936 - INFO - Skipped URL: https://www.communitymedical.org/for-healthcare-professionals/refer-transfer-a-patient - Reason: Already visited
2025-04-21 21:35:13,936 - INFO - Skipped URL: https://www.communitymedical.org/for-healthcare-professionals - Reason: Already visited
2025-04-21 21:35:13,936 - INFO - Skipped URL: https://www.communitymedical.org/for-healthcare-professionals/residencies-fellowships - Reason: Already visited
2025-04-21 21:35:13,936 - INFO - Skipped URL: https://www.communitymedical.org/for-healthcare-professionals/sonography-programs - Reason: Already visited
2025-04-21 21:35:13,936 - INFO - Skipped URL: https://www.communitymedical.org/for-healthcare-professionals/pediatric-diagnostic-radiology-services - Reason: Already visited
2025-04-21 21:35:13,936 - INFO - Skipped URL: https://www.communitymedical.org/for-healthcare-professionals/provider-credentialing - Reason: Already visited
2025-04-21 21:35:13,936 - INFO - Skipped URL: https://www.communitymedical.org/for-healthcare-professionals/clinical-pastoral-education - Reason: Already visited
2025-04-21 21:35:13,936 - INFO - Skipped URL: https://www.communitymedical.org/for-healthcare-professionals/institutional-review-board - Reason: Already visited
2025-04-21 21:35:13,936 - INFO - Skipped URL: https://www.communitymedical.org/for-healthcare-professionals/virtual-medical-library - Reason: Already visited
2025-04-21 21:35:13,936 - INFO - Skipped URL: https://www.communitymedical.org/about-us/newsroom - Reason: Already visited
2025-04-21 21:35:13,936 - INFO - Skipped URL: https://www.communitymedical.org/about-us/annual-report - Reason: Already visited
2025-04-21 21:35:13,936 - INFO - Skipped URL: https://www.communitymedical.org/about-us/newsroom - Reason: Already visited
2025-04-21 21:35:13,936 - INFO - Skipped URL: https://www.communitymedical.org/about-us/medwatch-today - Reason: Already visited
2025-04-21 21:35:13,936 - INFO - Skipped URL: https://www.communitymedical.org/about-us/healthquest - Reason: Already visited
2025-04-21 21:35:13,936 - INFO - Skipped URL: https://www.communitymedical.org/about-us/events - Reason: Already visited
2025-04-21 21:35:13,936 - INFO - Skipped URL: https://www.communitymedical.org/about-us - Reason: Already visited
2025-04-21 21:35:13,936 - INFO - Skipped URL: https://www.communitymedical.org/about-us - Reason: Already visited
2025-04-21 21:35:13,936 - INFO - Skipped URL: https://www.communitymedical.org/about-us/awards-recognitions - Reason: Already visited
2025-04-21 21:35:13,936 - INFO - Skipped URL: https://www.communitymedical.org/about-us/diversity-inclusion - Reason: Already visited
2025-04-21 21:35:13,936 - INFO - Skipped URL: https://www.communitymedical.org/about-us/facts-reports - Reason: Already visited
2025-04-21 21:35:13,936 - INFO - Skipped URL: https://www.communitymedical.org/about-us/our-impact - Reason: Already visited
2025-04-21 21:35:13,936 - INFO - Skipped URL: https://www.communitymedical.org/about-us/leadership - Reason: Already visited
2025-04-21 21:35:13,936 - INFO - Skipped URL: https://www.communitymedical.org/about-us/contact-us - Reason: Already visited
2025-04-21 21:35:13,936 - INFO - Skipped URL: https://www.communitymedical.org/about-us/careers - Reason: Already visited
2025-04-21 21:35:13,936 - INFO - Skipped URL: https://www.communitymedical.org/about-us/volunteer-for-community - Reason: Already visited
2025-04-21 21:35:13,936 - INFO - Skipped URL: https://www.communitymedical.org/about-us/contact-us - Reason: Already visited
2025-04-21 21:35:13,937 - INFO - Skipped URL: https://jobs.communitymedical.org/ - Reason: Already visited
2025-04-21 21:35:13,937 - INFO - Skipped URL: https://www.communitymedical.org/donate - Reason: Already visited
2025-04-21 21:35:13,937 - INFO - Skipped URL: https://www.communitymedical.org/for-patients-families/find-a-doctor - Reason: Already visited
2025-04-21 21:35:13,937 - INFO - Skipped URL: https://www.communitymedical.org/about-us/newsroom - Reason: Already visited
2025-04-21 21:35:13,937 - INFO - Skipped URL: https://www.communitymedical.org/for-patients-families/billing-insurance - Reason: Already visited
2025-04-21 21:35:13,937 - INFO - Skipped URL: https://es.communitymedical.org/home - Reason: Already visited
2025-04-21 21:35:13,937 - INFO - Skipped URL: https://www.communitymedical.org/specialties-and-departments/trauma-center - Reason: Already visited
2025-04-21 21:35:13,937 - INFO - Skipped URL: https://www.communitymedical.org/for-patients-families/billing-insurance - Reason: Already visited
2025-04-21 21:35:14,206 - INFO - Visited URL: https://www.communitymedical.org/fiscal-year-2024-annual-report (depth: 1)
2025-04-21 21:35:15,652 - INFO - Visited URL: https://play.google.com/store/apps/details?id=org.communitymedical.cmc&hl=en_US (depth: 1)
2025-04-21 21:35:16,691 - INFO - Skipped URL: https://www.communitymedical.org/for-patients-families/myhealthmate - Reason: Already visited
2025-04-21 21:35:16,696 - INFO - Skipped URL: https://www.communitymedical.org/donate/honor-your-care-hero - Reason: Already visited
2025-04-21 21:35:16,696 - INFO - Skipped URL: https://www.communitymedical.org/for-patients-families/find-a-doctor - Reason: Already visited
2025-04-21 21:35:16,696 - INFO - Skipped URL: https://www.communitymedical.org/locations - Reason: Already visited
2025-04-21 21:35:17,138 - INFO - Visited URL: https://www.communitymedical.org/specialties-and-departments/women-s-health/labor-delivery (depth: 1)
2025-04-21 21:35:18,199 - INFO - Skipped URL: https://www.communitymedical.org/for-patients-families/billing-insurance - Reason: Already visited
2025-04-21 21:35:18,199 - INFO - Skipped URL: https://www.communitymedical.org/for-patients-families/medical-records - Reason: Already visited
2025-04-21 21:35:18,199 - INFO - Skipped URL: https://www.communitymedical.org/locations/community-regional-medical-center - Reason: Already visited
2025-04-21 21:35:18,200 - INFO - Skipped URL: https://www.communitymedical.org/locations/clovis-community-medical-center - Reason: Already visited
2025-04-21 21:35:18,200 - INFO - Skipped URL: https://www.communitymedical.org/locations/fresno-heart-surgical-hospital - Reason: Already visited
2025-04-21 21:35:18,200 - INFO - Skipped URL: https://www.communitymedical.org/locations/community-behavioral-health-center - Reason: Already visited
2025-04-21 21:35:18,200 - INFO - Skipped URL: https://www.communitymedical.org/for-patients-families/billing-insurance - Reason: Already visited
2025-04-21 21:35:18,200 - INFO - Skipped URL: https://www.communitymedical.org/locations - Reason: Already visited
2025-04-21 21:35:18,200 - INFO - Skipped URL: https://www.communitymedical.org/for-patients-families/myhealthmate - Reason: Already visited
2025-04-21 21:35:18,200 - INFO - Skipped URL: https://www.communitymedical.org/about-us/contact-us - Reason: Already visited
2025-04-21 21:35:18,200 - INFO - Skipped URL: https://www.communitymedical.org/about-us - Reason: Already visited
2025-04-21 21:35:18,515 - INFO - Visited URL: https://www.communitymedical.org/about-us/community-benefit (depth: 1)
2025-04-21 21:35:19,580 - INFO - Skipped URL: https://www.communitymedical.org/about-us/leadership - Reason: Already visited
2025-04-21 21:35:19,581 - INFO - Skipped URL: https://www.communitymedical.org/about-us/annual-report - Reason: Already visited
2025-04-21 21:35:19,581 - INFO - Skipped URL: https://www.communitymedical.org/about-us/medwatch-today - Reason: Already visited
2025-04-21 21:35:19,843 - INFO - Visited URL: https://www.communitymedical.org/about-us/newsroom/a-doctors-day-message-from-president-ceo,-craig-wagoner (depth: 1)
2025-04-21 21:35:21,180 - INFO - Visited URL: https://www.communitymedical.org/about-us/newsroom/doctors-save-patients-life-after-stroke (depth: 1)
2025-04-21 21:35:22,487 - INFO - Visited URL: https://www.communitymedical.org/about-us/newsroom/expert-alzheimer-s-care-in-fresno (depth: 1)
2025-04-21 21:35:23,787 - INFO - Visited URL: https://www.communitymedical.org/about-us/newsroom/40-days-in-a-coma-after-motorcycle-accident (depth: 1)
2025-04-21 21:35:24,895 - INFO - Skipped URL: https://www.communitymedical.org/about-us/newsroom - Reason: Already visited
2025-04-21 21:35:25,260 - INFO - Visited URL: https://www.communitymedical.org/about-us/newsroom/a-message-from-craig-wagoner-community-health-system-president-ceo (depth: 1)
2025-04-21 21:35:26,577 - INFO - Visited URL: https://www.communitymedical.org/about-us/newsroom/food-share-program-takes-on-fresno-food-desert (depth: 1)
2025-04-21 21:35:27,879 - INFO - Visited URL: https://www.communitymedical.org/about-us/newsroom/papa-mikes-serves-up-good-food-and-a-unique-experience-for-some-dining-with-dignity (depth: 1)
2025-04-21 21:35:29,186 - INFO - Visited URL: https://www.communitymedical.org/about-us/newsroom/community-partner-receives-award-for-work-improving-black-maternal-outcomes (depth: 1)
2025-04-21 21:35:30,500 - INFO - Visited URL: https://www.communitymedical.org/about-us/newsroom/community-nicus-renamed-in-honor-of-doctor-and-philanthropist (depth: 1)
2025-04-21 21:35:31,821 - INFO - Visited URL: https://www.communitymedical.org/privacy-notices (depth: 1)
2025-04-21 21:35:32,886 - INFO - Skipped URL: https://www.communitymedical.org/ - Reason: Already visited
2025-04-21 21:35:33,457 - INFO - Visited URL: https://www.facebook.com/communitymedicalcenters (depth: 1)
2025-04-21 21:35:34,845 - INFO - Visited URL: https://www.youtube.com/user/CommunityMedical (depth: 1)
2025-04-21 21:35:35,865 - INFO - Skipped URL: https://www.communitymedical.org/for-patients-families/billing-insurance/financial-assistance - Reason: Already visited
2025-04-21 21:35:35,866 - INFO - Skipped URL: https://www.communitymedical.org/about-us/contact-us - Reason: Already visited
2025-04-21 21:35:35,866 - INFO - Skipped URL: https://www.communitymedical.org/donate - Reason: Already visited
2025-04-21 21:35:35,866 - INFO - Skipped URL: https://www.communitymedical.org/privacy-notices - Reason: Already visited
2025-04-21 21:35:37,134 - INFO - Visited URL: https://www.communitymedical.org/site-map (depth: 1)
